2017-07-04T00:01:48:1 Starting an application!
2017-07-04T00:01:57:2 Loading worker!
2017-07-04T00:01:57:3 Loading print handler!
2017-07-04T00:01:57:4 Starting worker!
2017-07-04T00:01:57:5 Starting print handler!
2017-07-04T00:01:58:6 Info: Worker::run>> "Sucsesfully connected to database: D:\\Fitness\\Empty\\FITNESS.FDB"
2017-07-04T00:04:17:1 Starting an application!
2017-07-04T00:04:26:2 Loading worker!
2017-07-04T00:04:26:3 Loading print handler!
2017-07-04T00:04:26:4 Starting worker!
2017-07-04T00:04:26:5 Starting print handler!
2017-07-04T00:04:27:6 Info: Worker::run>> "Sucsesfully connected to database: D:\\Fitness\\Empty\\FITNESS.FDB"
2017-07-04T00:05:08:7 Warning: QWindowsWindow::setGeometry>> QWindowsWindow::setGeometry: Unable to set geometry 1056x1074+11+44 on QWidgetWindow/'AquaPrinterClassWindow'. Resulting geometry:  1056x1051+11+44 (frame: 11, 44, 11, 11, custom margin: 0, 0, 0, 0, minimum size: 817x919, maximum size: 16777215x16777215).
2017-07-04T00:05:09:8 Info: Worker::run>> "Sucsesfully connected to database: DRIVER={SQL Server Native Client 11.0};SERVER=192.168.1.10,1433;DATABASE=RK7;Uid=sa;Pwd=123456789;WSID=.;"
2017-07-04T00:05:13:9 Debug: Worker::getBlueCash>> No results from firebird database while selecting !
2017-07-04T00:05:21:10 Warning: QSqlDatabasePrivate::invalidateDb>> QSqlDatabasePrivate::removeDatabase: connection 'FireBirdBase' is still in use, all queries will cease to work.
2017-07-04T00:05:21:11 Warning: QSqlDatabasePrivate::invalidateDb>> QSqlDatabasePrivate::removeDatabase: connection 'MSSQL' is still in use, all queries will cease to work.
2017-07-04T09:41:54:1 Starting an application!
2017-07-04T09:42:19:2 Loading worker!
2017-07-04T09:42:19:3 Loading print handler!
2017-07-04T09:42:19:4 Starting worker!
2017-07-04T09:42:19:5 Starting print handler!
2017-07-04T09:42:19:6 "Sucsesfully connected to database: D:\\Fitness\\Empty\\FITNESS.FDB"
2017-07-04T09:42:19:7 QWindowsWindow::setGeometry: Unable to set geometry 1056x1074+11+44 on QWidgetWindow/'AquaPrinterClassWindow'. Resulting geometry:  1056x1051+11+44 (frame: 11, 44, 11, 11, custom margin: 0, 0, 0, 0, minimum size: 817x919, maximum size: 16777215x16777215).
2017-07-04T09:42:26:8 "Sucsesfully connected to database: DRIVER={SQL Server Native Client 11.0};SERVER=192.168.1.10,1433;DATABASE=RK7;Uid=sa;Pwd=123456789;WSID=.;"
2017-07-04T09:43:08:9 QSqlDatabasePrivate::removeDatabase: connection 'FireBirdBase' is still in use, all queries will cease to work.
2017-07-04T09:43:08:10 QSqlDatabasePrivate::removeDatabase: connection 'MSSQL' is still in use, all queries will cease to work.
2017-07-04T11:05:33:1 Starting an application!
2017-07-04T11:06:08:2 Loading worker!
2017-07-04T11:06:08:3 Loading print handler!
2017-07-04T11:06:08:4 Starting worker!
2017-07-04T11:06:08:5 Starting print handler!
2017-07-04T11:06:16:6 "Sucsesfully connected to database: D:\\Fitness\\Empty\\FITNESS.FDB"
2017-07-04T11:06:24:7 QWindowsWindow::setGeometry: Unable to set geometry 1056x1074+11+44 on QWidgetWindow/'AquaPrinterClassWindow'. Resulting geometry:  1056x1051+11+44 (frame: 11, 44, 11, 11, custom margin: 0, 0, 0, 0, minimum size: 817x919, maximum size: 16777215x16777215).
2017-07-04T11:06:24:8 "Sucsesfully connected to database: DRIVER={SQL Server Native Client 11.0};SERVER=192.168.1.10,1433;DATABASE=RK7;Uid=sa;Pwd=123456789;WSID=.;"
2017-07-04T11:08:25:9 QSqlDatabasePrivate::removeDatabase: connection 'FireBirdBase' is still in use, all queries will cease to work.
2017-07-04T11:08:25:10 QSqlDatabasePrivate::removeDatabase: connection 'MSSQL' is still in use, all queries will cease to work.
2017-07-04T11:09:15:1 Starting an application!
2017-07-04T11:09:44:2 Loading worker!
2017-07-04T11:09:44:3 Loading print handler!
2017-07-04T11:09:44:4 Starting worker!
2017-07-04T11:09:44:5 Starting print handler!
2017-07-04T11:09:44:6 Info: Worker::run>> "Sucsesfully connected to database: D:\\Fitness\\Empty\\FITNESS.FDB"
2017-07-04T11:09:44:7 Info: Worker::run>> "Sucsesfully connected to database: DRIVER={SQL Server Native Client 11.0};SERVER=192.168.1.10,1433;DATABASE=RK7;Uid=sa;Pwd=123456789;WSID=.;"
2017-07-04T11:09:44:8 Warning: QWindowsWindow::setGeometry>> QWindowsWindow::setGeometry: Unable to set geometry 1056x1074+11+44 on QWidgetWindow/'AquaPrinterClassWindow'. Resulting geometry:  1056x1051+11+44 (frame: 11, 44, 11, 11, custom margin: 0, 0, 0, 0, minimum size: 817x919, maximum size: 16777215x16777215).
2017-07-04T11:09:49:9 Debug: Worker::getBlueCash>> No results from firebird database while selecting !
2017-07-04T11:10:18:10 Warning: QSqlDatabasePrivate::invalidateDb>> QSqlDatabasePrivate::removeDatabase: connection 'FireBirdBase' is still in use, all queries will cease to work.
2017-07-04T11:10:18:11 Warning: QSqlDatabasePrivate::invalidateDb>> QSqlDatabasePrivate::removeDatabase: connection 'MSSQL' is still in use, all queries will cease to work.
2017-07-04T11:18:13:1 Starting an application!
2017-07-04T11:18:16:2 Loading worker!
2017-07-04T11:18:16:3 Loading print handler!
2017-07-04T11:18:16:4 Starting worker!
2017-07-04T11:18:16:5 Starting print handler!
2017-07-04T11:18:16:6 Info: Worker::run>> "Sucsesfully connected to database: D:\\Fitness\\Empty\\FITNESS.FDB"
2017-07-04T11:18:16:7 Warning: QWindowsWindow::setGeometry>> QWindowsWindow::setGeometry: Unable to set geometry 1056x1074+11+44 on QWidgetWindow/'AquaPrinterClassWindow'. Resulting geometry:  1056x1051+11+44 (frame: 11, 44, 11, 11, custom margin: 0, 0, 0, 0, minimum size: 817x919, maximum size: 16777215x16777215).
2017-07-04T11:18:17:8 Info: Worker::run>> "Sucsesfully connected to database: DRIVER={SQL Server Native Client 11.0};SERVER=192.168.1.10,1433;DATABASE=RK7;Uid=sa;Pwd=123456789;WSID=.;"
2017-07-04T11:18:30:9 Debug: Worker::getBlueCash>> No results from firebird database while selecting !
2017-07-04T11:19:04:10 Warning: QSqlDatabasePrivate::invalidateDb>> QSqlDatabasePrivate::removeDatabase: connection 'FireBirdBase' is still in use, all queries will cease to work.
2017-07-04T11:19:04:11 Warning: QSqlDatabasePrivate::invalidateDb>> QSqlDatabasePrivate::removeDatabase: connection 'MSSQL' is still in use, all queries will cease to work.
2017-07-04T11:19:26:1 Starting an application!
2017-07-04T11:19:30:2 Loading worker!
2017-07-04T11:19:30:3 Loading print handler!
2017-07-04T11:19:30:4 Starting worker!
2017-07-04T11:19:30:5 Starting print handler!
2017-07-04T11:19:30:6 Info: Worker::run>> "Sucsesfully connected to database: D:\\Fitness\\Empty\\FITNESS.FDB"
2017-07-04T11:19:30:7 Info: Worker::run>> "Sucsesfully connected to database: DRIVER={SQL Server Native Client 11.0};SERVER=192.168.1.10,1433;DATABASE=RK7;Uid=sa;Pwd=123456789;WSID=.;"
2017-07-04T11:19:30:8 Warning: QWindowsWindow::setGeometry>> QWindowsWindow::setGeometry: Unable to set geometry 1056x1074+11+44 on QWidgetWindow/'AquaPrinterClassWindow'. Resulting geometry:  1056x1051+11+44 (frame: 11, 44, 11, 11, custom margin: 0, 0, 0, 0, minimum size: 817x919, maximum size: 16777215x16777215).
2017-07-04T11:19:39:9 Debug: Worker::getBlueCash>> No results from firebird database while selecting !
2017-07-04T11:19:42:10 Debug: Worker::getBlueCash>> No results from firebird database while selecting !
2017-07-04T11:19:47:11 Debug: Worker::getBlueCash>> No results from firebird database while selecting !
2017-07-04T11:19:52:12 Debug: Worker::getBlueCash>> No results from firebird database while selecting !
2017-07-04T11:20:02:13 Debug: Worker::getBlueCash>> No results from firebird database while selecting !
2017-07-04T11:20:41:14 Warning: QSqlDatabasePrivate::invalidateDb>> QSqlDatabasePrivate::removeDatabase: connection 'FireBirdBase' is still in use, all queries will cease to work.
2017-07-04T11:20:41:15 Warning: QSqlDatabasePrivate::invalidateDb>> QSqlDatabasePrivate::removeDatabase: connection 'MSSQL' is still in use, all queries will cease to work.
2017-07-04T11:21:05:1 Starting an application!
2017-07-04T11:21:09:2 Loading worker!
2017-07-04T11:21:09:3 Loading print handler!
2017-07-04T11:21:09:4 Starting worker!
2017-07-04T11:21:09:5 Starting print handler!
2017-07-04T11:21:09:6 Info: Worker::run>> "Sucsesfully connected to database: D:\\Fitness\\Empty\\FITNESS.FDB"
2017-07-04T11:21:09:7 Warning: QWindowsWindow::setGeometry>> QWindowsWindow::setGeometry: Unable to set geometry 1056x1074+11+44 on QWidgetWindow/'AquaPrinterClassWindow'. Resulting geometry:  1056x1051+11+44 (frame: 11, 44, 11, 11, custom margin: 0, 0, 0, 0, minimum size: 817x919, maximum size: 16777215x16777215).
2017-07-04T11:21:09:8 Info: Worker::run>> "Sucsesfully connected to database: DRIVER={SQL Server Native Client 11.0};SERVER=192.168.1.10,1433;DATABASE=RK7;Uid=sa;Pwd=123456789;WSID=.;"
2017-07-04T11:21:14:9 Debug: Worker::getBlueCash>> No results from firebird database while selecting !
2017-07-04T11:21:34:10 Warning: QSqlDatabasePrivate::invalidateDb>> QSqlDatabasePrivate::removeDatabase: connection 'FireBirdBase' is still in use, all queries will cease to work.
2017-07-04T11:21:34:11 Warning: QSqlDatabasePrivate::invalidateDb>> QSqlDatabasePrivate::removeDatabase: connection 'MSSQL' is still in use, all queries will cease to work.
2017-07-04T11:22:30:1 Starting an application!
2017-07-04T11:22:33:2 Loading worker!
2017-07-04T11:22:33:3 Loading print handler!
2017-07-04T11:22:33:4 Starting worker!
2017-07-04T11:22:33:5 Starting print handler!
2017-07-04T11:22:34:6 Info: Worker::run>> "Sucsesfully connected to database: D:\\Fitness\\Empty\\FITNESS.FDB"
2017-07-04T11:22:34:7 Warning: QWindowsWindow::setGeometry>> QWindowsWindow::setGeometry: Unable to set geometry 1056x1074+11+44 on QWidgetWindow/'AquaPrinterClassWindow'. Resulting geometry:  1056x1051+11+44 (frame: 11, 44, 11, 11, custom margin: 0, 0, 0, 0, minimum size: 817x919, maximum size: 16777215x16777215).
2017-07-04T11:22:34:8 Info: Worker::run>> "Sucsesfully connected to database: DRIVER={SQL Server Native Client 11.0};SERVER=192.168.1.10,1433;DATABASE=RK7;Uid=sa;Pwd=123456789;WSID=.;"
2017-07-04T11:22:55:9 Warning: QSqlDatabasePrivate::invalidateDb>> QSqlDatabasePrivate::removeDatabase: connection 'FireBirdBase' is still in use, all queries will cease to work.
2017-07-04T11:22:55:10 Warning: QSqlDatabasePrivate::invalidateDb>> QSqlDatabasePrivate::removeDatabase: connection 'MSSQL' is still in use, all queries will cease to work.
2017-07-04T11:23:33:1 Starting an application!
2017-07-04T11:23:37:2 Loading worker!
2017-07-04T11:23:37:3 Loading print handler!
2017-07-04T11:23:37:4 Starting worker!
2017-07-04T11:23:37:5 Starting print handler!
2017-07-04T11:23:37:6 Info: Worker::run>> "Sucsesfully connected to database: D:\\Fitness\\Empty\\FITNESS.FDB"
2017-07-04T11:23:37:7 Info: Worker::run>> "Sucsesfully connected to database: DRIVER={SQL Server Native Client 11.0};SERVER=192.168.1.10,1433;DATABASE=RK7;Uid=sa;Pwd=123456789;WSID=.;"
2017-07-04T11:23:37:8 Warning: QWindowsWindow::setGeometry>> QWindowsWindow::setGeometry: Unable to set geometry 1056x1074+11+44 on QWidgetWindow/'AquaPrinterClassWindow'. Resulting geometry:  1056x1051+11+44 (frame: 11, 44, 11, 11, custom margin: 0, 0, 0, 0, minimum size: 817x919, maximum size: 16777215x16777215).
2017-07-04T11:25:50:9 Warning: QSqlDatabasePrivate::invalidateDb>> QSqlDatabasePrivate::removeDatabase: connection 'FireBirdBase' is still in use, all queries will cease to work.
2017-07-04T11:25:50:10 Warning: QSqlDatabasePrivate::invalidateDb>> QSqlDatabasePrivate::removeDatabase: connection 'MSSQL' is still in use, all queries will cease to work.
2017-07-04T11:28:46:1 Starting an application!
2017-07-04T11:28:49:2 Loading worker!
2017-07-04T11:28:49:3 Loading print handler!
2017-07-04T11:28:49:4 Starting worker!
2017-07-04T11:28:49:5 Starting print handler!
2017-07-04T11:28:49:6 Info: Worker::run>> "Sucsesfully connected to database: D:\\Fitness\\Empty\\FITNESS.FDB"
2017-07-04T11:28:49:7 Warning: QWindowsWindow::setGeometry>> QWindowsWindow::setGeometry: Unable to set geometry 1056x1074+11+44 on QWidgetWindow/'AquaPrinterClassWindow'. Resulting geometry:  1056x1051+11+44 (frame: 11, 44, 11, 11, custom margin: 0, 0, 0, 0, minimum size: 817x919, maximum size: 16777215x16777215).
2017-07-04T11:28:49:8 Info: Worker::run>> "Sucsesfully connected to database: DRIVER={SQL Server Native Client 11.0};SERVER=192.168.1.10,1433;DATABASE=RK7;Uid=sa;Pwd=123456789;WSID=.;"
2017-07-04T11:29:26:9 Warning: QSqlDatabasePrivate::invalidateDb>> QSqlDatabasePrivate::removeDatabase: connection 'FireBirdBase' is still in use, all queries will cease to work.
2017-07-04T11:29:26:10 Warning: QSqlDatabasePrivate::invalidateDb>> QSqlDatabasePrivate::removeDatabase: connection 'MSSQL' is still in use, all queries will cease to work.
2017-07-04T11:30:08:1 Starting an application!
2017-07-04T11:30:12:2 Loading worker!
2017-07-04T11:30:12:3 Loading print handler!
2017-07-04T11:30:12:4 Starting worker!
2017-07-04T11:30:12:5 Starting print handler!
2017-07-04T11:30:12:6 Info: Worker::run>> "Sucsesfully connected to database: D:\\Fitness\\Empty\\FITNESS.FDB"
2017-07-04T11:30:12:7 Info: Worker::run>> "Sucsesfully connected to database: DRIVER={SQL Server Native Client 11.0};SERVER=192.168.1.10,1433;DATABASE=RK7;Uid=sa;Pwd=123456789;WSID=.;"
2017-07-04T11:30:12:8 Warning: QWindowsWindow::setGeometry>> QWindowsWindow::setGeometry: Unable to set geometry 1056x1074+11+44 on QWidgetWindow/'AquaPrinterClassWindow'. Resulting geometry:  1056x1051+11+44 (frame: 11, 44, 11, 11, custom margin: 0, 0, 0, 0, minimum size: 817x919, maximum size: 16777215x16777215).
2017-07-04T11:30:36:9 Warning: QSqlDatabasePrivate::invalidateDb>> QSqlDatabasePrivate::removeDatabase: connection 'FireBirdBase' is still in use, all queries will cease to work.
2017-07-04T11:30:36:10 Warning: QSqlDatabasePrivate::invalidateDb>> QSqlDatabasePrivate::removeDatabase: connection 'MSSQL' is still in use, all queries will cease to work.
2017-07-04T11:30:56:1 Starting an application!
2017-07-04T11:31:00:2 Loading worker!
2017-07-04T11:31:00:3 Loading print handler!
2017-07-04T11:31:00:4 Starting worker!
2017-07-04T11:31:00:5 Starting print handler!
2017-07-04T11:31:00:6 Info: Worker::run>> "Sucsesfully connected to database: D:\\Fitness\\Empty\\FITNESS.FDB"
2017-07-04T11:31:00:7 Warning: QWindowsWindow::setGeometry>> QWindowsWindow::setGeometry: Unable to set geometry 1056x1074+11+44 on QWidgetWindow/'AquaPrinterClassWindow'. Resulting geometry:  1056x1051+11+44 (frame: 11, 44, 11, 11, custom margin: 0, 0, 0, 0, minimum size: 817x919, maximum size: 16777215x16777215).
2017-07-04T11:31:00:8 Info: Worker::run>> "Sucsesfully connected to database: DRIVER={SQL Server Native Client 11.0};SERVER=192.168.1.10,1433;DATABASE=RK7;Uid=sa;Pwd=123456789;WSID=.;"
2017-07-04T11:31:23:9 Warning: QSqlDatabasePrivate::invalidateDb>> QSqlDatabasePrivate::removeDatabase: connection 'FireBirdBase' is still in use, all queries will cease to work.
2017-07-04T11:31:23:10 Warning: QSqlDatabasePrivate::invalidateDb>> QSqlDatabasePrivate::removeDatabase: connection 'MSSQL' is still in use, all queries will cease to work.
2017-07-04T11:31:40:1 Starting an application!
2017-07-04T11:31:43:2 Loading worker!
2017-07-04T11:31:43:3 Loading print handler!
2017-07-04T11:31:43:4 Starting worker!
2017-07-04T11:31:43:5 Starting print handler!
2017-07-04T11:31:43:6 Info: Worker::run>> "Sucsesfully connected to database: D:\\Fitness\\Empty\\FITNESS.FDB"
2017-07-04T11:31:44:7 Warning: QWindowsWindow::setGeometry>> QWindowsWindow::setGeometry: Unable to set geometry 1056x1074+11+44 on QWidgetWindow/'AquaPrinterClassWindow'. Resulting geometry:  1056x1051+11+44 (frame: 11, 44, 11, 11, custom margin: 0, 0, 0, 0, minimum size: 817x919, maximum size: 16777215x16777215).
2017-07-04T11:31:44:8 Info: Worker::run>> "Sucsesfully connected to database: DRIVER={SQL Server Native Client 11.0};SERVER=192.168.1.10,1433;DATABASE=RK7;Uid=sa;Pwd=123456789;WSID=.;"
2017-07-04T11:32:13:9 Warning: QSqlDatabasePrivate::invalidateDb>> QSqlDatabasePrivate::removeDatabase: connection 'FireBirdBase' is still in use, all queries will cease to work.
2017-07-04T11:32:13:10 Warning: QSqlDatabasePrivate::invalidateDb>> QSqlDatabasePrivate::removeDatabase: connection 'MSSQL' is still in use, all queries will cease to work.
2017-07-04T11:32:50:1 Starting an application!
2017-07-04T11:32:53:2 Loading worker!
2017-07-04T11:32:53:3 Loading print handler!
2017-07-04T11:32:53:4 Starting worker!
2017-07-04T11:32:53:5 Starting print handler!
2017-07-04T11:32:53:6 Info: Worker::run>> "Sucsesfully connected to database: D:\\Fitness\\Empty\\FITNESS.FDB"
2017-07-04T11:32:53:7 Info: Worker::run>> "Sucsesfully connected to database: DRIVER={SQL Server Native Client 11.0};SERVER=192.168.1.10,1433;DATABASE=RK7;Uid=sa;Pwd=123456789;WSID=.;"
2017-07-04T11:32:53:8 Warning: QWindowsWindow::setGeometry>> QWindowsWindow::setGeometry: Unable to set geometry 1056x1074+11+44 on QWidgetWindow/'AquaPrinterClassWindow'. Resulting geometry:  1056x1051+11+44 (frame: 11, 44, 11, 11, custom margin: 0, 0, 0, 0, minimum size: 817x919, maximum size: 16777215x16777215).
2017-07-04T11:33:20:9 Warning: QSqlDatabasePrivate::invalidateDb>> QSqlDatabasePrivate::removeDatabase: connection 'FireBirdBase' is still in use, all queries will cease to work.
2017-07-04T11:33:20:10 Warning: QSqlDatabasePrivate::invalidateDb>> QSqlDatabasePrivate::removeDatabase: connection 'MSSQL' is still in use, all queries will cease to work.
2017-07-04T11:36:34:1 Starting an application!
2017-07-04T11:36:38:2 Loading worker!
2017-07-04T11:36:38:3 Loading print handler!
2017-07-04T11:36:38:4 Starting worker!
2017-07-04T11:36:38:5 Starting print handler!
2017-07-04T11:36:38:6 Info: Worker::run>> "Sucsesfully connected to database: D:\\Fitness\\Empty\\FITNESS.FDB"
2017-07-04T11:36:38:7 Info: Worker::run>> "Sucsesfully connected to database: DRIVER={SQL Server Native Client 11.0};SERVER=192.168.1.10,1433;DATABASE=RK7;Uid=sa;Pwd=123456789;WSID=.;"
2017-07-04T11:36:38:8 Warning: QWindowsWindow::setGeometry>> QWindowsWindow::setGeometry: Unable to set geometry 1056x1074+11+44 on QWidgetWindow/'AquaPrinterClassWindow'. Resulting geometry:  1056x1051+11+44 (frame: 11, 44, 11, 11, custom margin: 0, 0, 0, 0, minimum size: 817x919, maximum size: 16777215x16777215).
2017-07-04T11:37:11:9 Warning: QSqlDatabasePrivate::invalidateDb>> QSqlDatabasePrivate::removeDatabase: connection 'FireBirdBase' is still in use, all queries will cease to work.
2017-07-04T11:37:11:10 Warning: QSqlDatabasePrivate::invalidateDb>> QSqlDatabasePrivate::removeDatabase: connection 'MSSQL' is still in use, all queries will cease to work.
2017-07-04T11:37:24:1 Starting an application!
2017-07-04T11:37:28:2 Loading worker!
2017-07-04T11:37:28:3 Loading print handler!
2017-07-04T11:37:28:4 Starting worker!
2017-07-04T11:37:28:5 Starting print handler!
2017-07-04T11:37:28:6 Info: Worker::run>> "Sucsesfully connected to database: D:\\Fitness\\Empty\\FITNESS.FDB"
2017-07-04T11:37:28:7 Warning: QWindowsWindow::setGeometry>> QWindowsWindow::setGeometry: Unable to set geometry 1056x1074+11+44 on QWidgetWindow/'AquaPrinterClassWindow'. Resulting geometry:  1056x1051+11+44 (frame: 11, 44, 11, 11, custom margin: 0, 0, 0, 0, minimum size: 817x919, maximum size: 16777215x16777215).
2017-07-04T11:37:28:8 Info: Worker::run>> "Sucsesfully connected to database: DRIVER={SQL Server Native Client 11.0};SERVER=192.168.1.10,1433;DATABASE=RK7;Uid=sa;Pwd=123456789;WSID=.;"
2017-07-04T11:38:28:9 Warning: QSqlDatabasePrivate::invalidateDb>> QSqlDatabasePrivate::removeDatabase: connection 'FireBirdBase' is still in use, all queries will cease to work.
2017-07-04T11:38:28:10 Warning: QSqlDatabasePrivate::invalidateDb>> QSqlDatabasePrivate::removeDatabase: connection 'MSSQL' is still in use, all queries will cease to work.
2017-07-04T11:39:19:1 Starting an application!
2017-07-04T11:39:23:2 Loading worker!
2017-07-04T11:39:23:3 Loading print handler!
2017-07-04T11:39:23:4 Starting worker!
2017-07-04T11:39:23:5 Starting print handler!
2017-07-04T11:39:23:6 Info: Worker::run>> "Sucsesfully connected to database: D:\\Fitness\\Empty\\FITNESS.FDB"
2017-07-04T11:39:23:7 Info: Worker::run>> "Sucsesfully connected to database: DRIVER={SQL Server Native Client 11.0};SERVER=192.168.1.10,1433;DATABASE=RK7;Uid=sa;Pwd=123456789;WSID=.;"
2017-07-04T11:39:23:8 Warning: QWindowsWindow::setGeometry>> QWindowsWindow::setGeometry: Unable to set geometry 1056x1074+11+44 on QWidgetWindow/'AquaPrinterClassWindow'. Resulting geometry:  1056x1051+11+44 (frame: 11, 44, 11, 11, custom margin: 0, 0, 0, 0, minimum size: 817x919, maximum size: 16777215x16777215).
2017-07-04T11:40:34:1 Starting an application!
2017-07-04T11:40:38:2 Loading worker!
2017-07-04T11:40:38:3 Loading print handler!
2017-07-04T11:40:38:4 Starting worker!
2017-07-04T11:40:38:5 Starting print handler!
2017-07-04T11:40:38:6 Info: Worker::run>> "Sucsesfully connected to database: D:\\Fitness\\Empty\\FITNESS.FDB"
2017-07-04T11:40:38:7 Info: Worker::run>> "Sucsesfully connected to database: DRIVER={SQL Server Native Client 11.0};SERVER=192.168.1.10,1433;DATABASE=RK7;Uid=sa;Pwd=123456789;WSID=.;"
2017-07-04T11:40:38:8 Warning: QWindowsWindow::setGeometry>> QWindowsWindow::setGeometry: Unable to set geometry 1056x1074+11+44 on QWidgetWindow/'AquaPrinterClassWindow'. Resulting geometry:  1056x1051+11+44 (frame: 11, 44, 11, 11, custom margin: 0, 0, 0, 0, minimum size: 817x919, maximum size: 16777215x16777215).
2017-07-04T11:40:57:9 Debug: Worker::getBlueCash>> No results from firebird database while selecting !
2017-07-04T11:45:41:1 Starting an application!
2017-07-04T11:46:21:2 Loading worker!
2017-07-04T11:46:21:3 Loading print handler!
2017-07-04T11:46:21:4 Starting worker!
2017-07-04T11:46:24:5 Starting print handler!
2017-07-04T11:46:34:6 Info: Worker::run>> "Sucsesfully connected to database: D:\\Fitness\\Empty\\FITNESS.FDB"
2017-07-04T11:46:45:7 Info: Worker::run>> "Sucsesfully connected to database: DRIVER={SQL Server Native Client 11.0};SERVER=192.168.1.10,1433;DATABASE=RK7;Uid=sa;Pwd=123456789;WSID=.;"
2017-07-04T11:46:45:8 Warning: QWindowsWindow::setGeometry>> QWindowsWindow::setGeometry: Unable to set geometry 1056x1074+11+44 on QWidgetWindow/'AquaPrinterClassWindow'. Resulting geometry:  1056x1051+11+44 (frame: 11, 44, 11, 11, custom margin: 0, 0, 0, 0, minimum size: 817x919, maximum size: 16777215x16777215).
2017-07-04T11:47:22:9 Warning: QSqlDatabasePrivate::invalidateDb>> QSqlDatabasePrivate::removeDatabase: connection 'FireBirdBase' is still in use, all queries will cease to work.
2017-07-04T11:47:22:10 Warning: QSqlDatabasePrivate::invalidateDb>> QSqlDatabasePrivate::removeDatabase: connection 'MSSQL' is still in use, all queries will cease to work.
2017-07-04T11:58:32:1 Starting an application!
2017-07-04T11:58:35:2 Loading worker!
2017-07-04T11:58:35:3 Loading print handler!
2017-07-04T11:58:35:4 Starting worker!
2017-07-04T11:58:35:5 Starting print handler!
2017-07-04T11:58:35:6 Info: Worker::run>> "Sucsesfully connected to database: D:\\Fitness\\Empty\\FITNESS.FDB"
2017-07-04T11:58:35:7 Warning: QWindowsWindow::setGeometry>> QWindowsWindow::setGeometry: Unable to set geometry 1056x1074+11+44 on QWidgetWindow/'AquaPrinterClassWindow'. Resulting geometry:  1056x1051+11+44 (frame: 11, 44, 11, 11, custom margin: 0, 0, 0, 0, minimum size: 817x919, maximum size: 16777215x16777215).
2017-07-04T11:58:37:8 Info: Worker::run>> "Sucsesfully connected to database: DRIVER={SQL Server Native Client 11.0};SERVER=192.168.1.10,1433;DATABASE=RK7;Uid=sa;Pwd=123456789;WSID=.;"
2017-07-04T11:59:59:9 Debug: Worker::getBlueCash>> No results from firebird database while selecting !
2017-07-04T12:00:04:10 Debug: Worker::getBlueCash>> No results from firebird database while selecting !
2017-07-04T12:00:08:11 Debug: Worker::getBlueCash>> No results from firebird database while selecting !
2017-07-04T12:00:12:12 Debug: Worker::getBlueCash>> No results from firebird database while selecting !
2017-07-04T12:00:17:13 Warning: QSqlDatabasePrivate::invalidateDb>> QSqlDatabasePrivate::removeDatabase: connection 'FireBirdBase' is still in use, all queries will cease to work.
2017-07-04T12:00:17:14 Warning: QSqlDatabasePrivate::invalidateDb>> QSqlDatabasePrivate::removeDatabase: connection 'MSSQL' is still in use, all queries will cease to work.
2017-07-04T12:00:25:1 Starting an application!
2017-07-04T12:00:29:2 Loading worker!
2017-07-04T12:00:29:3 Loading print handler!
2017-07-04T12:00:29:4 Starting worker!
2017-07-04T12:00:29:5 Starting print handler!
2017-07-04T12:00:29:6 Info: Worker::run>> "Sucsesfully connected to database: D:\\Fitness\\Empty\\FITNESS.FDB"
2017-07-04T12:00:29:7 Warning: QWindowsWindow::setGeometry>> QWindowsWindow::setGeometry: Unable to set geometry 1056x1074+11+44 on QWidgetWindow/'AquaPrinterClassWindow'. Resulting geometry:  1056x1051+11+44 (frame: 11, 44, 11, 11, custom margin: 0, 0, 0, 0, minimum size: 817x919, maximum size: 16777215x16777215).
2017-07-04T12:00:29:8 Info: Worker::run>> "Sucsesfully connected to database: DRIVER={SQL Server Native Client 11.0};SERVER=192.168.1.10,1433;DATABASE=RK7;Uid=sa;Pwd=123456789;WSID=.;"
2017-07-04T12:00:31:9 Debug: Worker::getBlueCash>> No results from firebird database while selecting !
2017-07-04T12:02:23:10 Debug: Worker::getBlueCash>> No results from firebird database while selecting !
2017-07-04T12:02:58:11 Debug: Worker::getBlueCash>> No results from firebird database while selecting !
2017-07-04T12:03:10:12 Debug: Worker::getBlueCash>> No results from firebird database while selecting !
2017-07-04T12:04:51:1 Starting an application!
2017-07-04T12:04:54:2 Loading worker!
2017-07-04T12:04:54:3 Loading print handler!
2017-07-04T12:04:54:4 Starting worker!
2017-07-04T12:04:54:5 Starting print handler!
2017-07-04T12:04:54:6 Info: Worker::run>> "Sucsesfully connected to database: D:\\Fitness\\Empty\\FITNESS.FDB"
2017-07-04T12:04:54:7 Info: Worker::run>> "Sucsesfully connected to database: DRIVER={SQL Server Native Client 11.0};SERVER=192.168.1.10,1433;DATABASE=RK7;Uid=sa;Pwd=123456789;WSID=.;"
2017-07-04T12:04:54:8 Warning: QWindowsWindow::setGeometry>> QWindowsWindow::setGeometry: Unable to set geometry 1056x1074+11+44 on QWidgetWindow/'AquaPrinterClassWindow'. Resulting geometry:  1056x1051+11+44 (frame: 11, 44, 11, 11, custom margin: 0, 0, 0, 0, minimum size: 817x919, maximum size: 16777215x16777215).
2017-07-04T12:30:06:9 Warning: QSqlDatabasePrivate::invalidateDb>> QSqlDatabasePrivate::removeDatabase: connection 'FireBirdBase' is still in use, all queries will cease to work.
2017-07-04T12:30:06:10 Warning: QSqlDatabasePrivate::invalidateDb>> QSqlDatabasePrivate::removeDatabase: connection 'MSSQL' is still in use, all queries will cease to work.
2017-07-04T12:30:14:1 Starting an application!
2017-07-04T12:30:18:2 Loading worker!
2017-07-04T12:30:18:3 Loading print handler!
2017-07-04T12:30:18:4 Starting worker!
2017-07-04T12:30:18:5 Starting print handler!
2017-07-04T12:30:18:6 Info: Worker::run>> "Sucsesfully connected to database: D:\\Fitness\\Empty\\FITNESS.FDB"
2017-07-04T12:30:18:7 Info: Worker::run>> "Sucsesfully connected to database: DRIVER={SQL Server Native Client 11.0};SERVER=192.168.1.10,1433;DATABASE=RK7;Uid=sa;Pwd=123456789;WSID=.;"
2017-07-04T12:30:18:8 Warning: QWindowsWindow::setGeometry>> QWindowsWindow::setGeometry: Unable to set geometry 1056x1074+11+44 on QWidgetWindow/'AquaPrinterClassWindow'. Resulting geometry:  1056x1051+11+44 (frame: 11, 44, 11, 11, custom margin: 0, 0, 0, 0, minimum size: 817x919, maximum size: 16777215x16777215).
2017-07-04T12:30:24:9 Debug: Worker::getBlueCash>> No results from firebird database while selecting !
2017-07-04T12:31:07:10 Warning: QSqlDatabasePrivate::invalidateDb>> QSqlDatabasePrivate::removeDatabase: connection 'FireBirdBase' is still in use, all queries will cease to work.
2017-07-04T12:31:07:11 Warning: QSqlDatabasePrivate::invalidateDb>> QSqlDatabasePrivate::removeDatabase: connection 'MSSQL' is still in use, all queries will cease to work.
2017-07-04T16:37:24:1 Starting an application!
2017-07-04T16:37:27:2 Loading worker!
2017-07-04T16:37:27:3 Loading print handler!
2017-07-04T16:37:27:4 Starting worker!
2017-07-04T16:37:27:5 Starting print handler!
2017-07-04T16:37:27:6 Warning: QWindowsWindow::setGeometry>> QWindowsWindow::setGeometry: Unable to set geometry 1056x1074+11+44 on QWidgetWindow/'AquaPrinterClassWindow'. Resulting geometry:  1056x1051+11+44 (frame: 11, 44, 11, 11, custom margin: 0, 0, 0, 0, minimum size: 817x919, maximum size: 16777215x16777215).
2017-07-04T16:37:28:7 Info: Worker::run>> "Sucsesfully connected to database: D:\\Fitness\\Empty\\FITNESS.FDB"
2017-07-04T16:37:32:8 Info: Worker::run>> "Sucsesfully connected to database: DRIVER={SQL Server Native Client 11.0};SERVER=192.168.1.10,1433;DATABASE=RK7;Uid=sa;Pwd=123456789;WSID=.;"
2017-07-04T16:37:32:9 Debug: Worker::getBlueCash>> No results from firebird database while selecting !
2017-07-04T16:37:43:10 Debug: Worker::getBlueCash>> No results from firebird database while selecting !
2017-07-04T16:37:47:11 Debug: Worker::getBlueCash>> No results from firebird database while selecting !
2017-07-04T16:38:15:12 Warning: QSqlDatabasePrivate::invalidateDb>> QSqlDatabasePrivate::removeDatabase: connection 'FireBirdBase' is still in use, all queries will cease to work.
2017-07-04T16:38:15:13 Warning: QSqlDatabasePrivate::invalidateDb>> QSqlDatabasePrivate::removeDatabase: connection 'MSSQL' is still in use, all queries will cease to work.
2017-07-04T16:47:22:1 Starting an application!
2017-07-04T16:47:25:2 Loading worker!
2017-07-04T16:47:25:3 Loading print handler!
2017-07-04T16:47:25:4 Starting worker!
2017-07-04T16:47:25:5 Starting print handler!
2017-07-04T16:47:25:6 Warning: QWindowsWindow::setGeometry>> QWindowsWindow::setGeometry: Unable to set geometry 1056x1074+11+44 on QWidgetWindow/'AquaPrinterClassWindow'. Resulting geometry:  1056x1051+11+44 (frame: 11, 44, 11, 11, custom margin: 0, 0, 0, 0, minimum size: 817x919, maximum size: 16777215x16777215).
2017-07-04T16:47:25:7 Info: Worker::run>> "Sucsesfully connected to database: D:\\Fitness\\Empty\\FITNESS.FDB"
2017-07-04T16:47:27:8 Info: Worker::run>> "Sucsesfully connected to database: DRIVER={SQL Server Native Client 11.0};SERVER=192.168.1.10,1433;DATABASE=RK7;Uid=sa;Pwd=123456789;WSID=.;"
2017-07-04T16:47:34:9 Warning: QSqlDatabasePrivate::invalidateDb>> QSqlDatabasePrivate::removeDatabase: connection 'FireBirdBase' is still in use, all queries will cease to work.
2017-07-04T16:47:34:10 Warning: QSqlDatabasePrivate::invalidateDb>> QSqlDatabasePrivate::removeDatabase: connection 'MSSQL' is still in use, all queries will cease to work.
2017-07-04T18:04:27:1 Starting an application!
2017-07-04T18:04:41:2 Loading worker!
2017-07-04T18:04:41:3 Loading print handler!
2017-07-04T18:04:41:4 Starting worker!
2017-07-04T18:04:41:5 Starting print handler!
2017-07-04T18:04:58:6 Warning: QSqlDatabasePrivate::invalidateDb>> QSqlDatabasePrivate::removeDatabase: connection 'FireBirdBase' is still in use, all queries will cease to work.
2017-07-04T18:42:29:1 Starting an application!
2017-07-04T18:42:39:2 Loading worker!
2017-07-04T18:42:39:3 Loading print handler!
2017-07-04T18:42:39:4 Starting worker!
2017-07-04T18:42:39:5 Starting print handler!
2017-07-04T18:42:40:6 Info: Worker::run>> "Sucsesfully connected to database: D:\\Fitness\\Empty\\FITNESS.FDB"
2017-07-04T18:42:41:7 Info: Worker::run>> "Sucsesfully connected to database: DRIVER={SQL Server Native Client 11.0};SERVER=192.168.1.10,1433;DATABASE=RK7;Uid=sa;Pwd=123456789;WSID=.;"
2017-07-04T18:42:42:8 Warning: QSqlDatabasePrivate::invalidateDb>> QSqlDatabasePrivate::removeDatabase: connection 'FireBirdBase' is still in use, all queries will cease to work.
2017-07-04T18:42:42:9 Warning: QSqlDatabasePrivate::invalidateDb>> QSqlDatabasePrivate::removeDatabase: connection 'MSSQL' is still in use, all queries will cease to work.
2017-07-04T18:45:57:1 Starting an application!
2017-07-04T18:55:40:1 Starting an application!
2017-07-04T18:56:33:1 Starting an application!
2017-07-04T18:56:44:2 Loading worker!
2017-07-04T18:56:44:3 Loading print handler!
2017-07-04T18:56:44:4 Starting worker!
2017-07-04T18:56:44:5 Starting print handler!
2017-07-04T18:56:45:6 Info: Worker::run>> "Sucsesfully connected to database: D:\\Fitness\\Empty\\FITNESS.FDB"
2017-07-04T18:56:46:7 Info: Worker::run>> "Sucsesfully connected to database: DRIVER={SQL Server Native Client 11.0};SERVER=192.168.1.10,1433;DATABASE=RK7;Uid=sa;Pwd=123456789;WSID=.;"
2017-07-04T18:57:03:8 Warning: QSqlDatabasePrivate::invalidateDb>> QSqlDatabasePrivate::removeDatabase: connection 'FireBirdBase' is still in use, all queries will cease to work.
2017-07-04T18:57:03:9 Warning: QSqlDatabasePrivate::invalidateDb>> QSqlDatabasePrivate::removeDatabase: connection 'MSSQL' is still in use, all queries will cease to work.
2017-07-04T18:58:04:1 Starting an application!
2017-07-04T18:58:08:2 Loading worker!
2017-07-04T18:58:08:3 Loading print handler!
2017-07-04T18:58:08:4 Starting worker!
2017-07-04T18:58:08:5 Starting print handler!
2017-07-04T18:58:08:6 Warning: QWindowsWindow::setGeometry>> QWindowsWindow::setGeometry: Unable to set geometry 1056x1074+11+44 on QWidgetWindow/'AquaPrinterClassWindow'. Resulting geometry:  1056x1051+11+44 (frame: 11, 44, 11, 11, custom margin: 0, 0, 0, 0, minimum size: 817x919, maximum size: 16777215x16777215).
2017-07-04T18:58:08:7 Info: Worker::run>> "Sucsesfully connected to database: D:\\Fitness\\Empty\\FITNESS.FDB"
2017-07-04T18:58:12:8 Info: Worker::run>> "Sucsesfully connected to database: DRIVER={SQL Server Native Client 11.0};SERVER=192.168.1.10,1433;DATABASE=RK7;Uid=sa;Pwd=123456789;WSID=.;"
2017-07-04T18:58:20:9 Warning: QSqlDatabasePrivate::invalidateDb>> QSqlDatabasePrivate::removeDatabase: connection 'FireBirdBase' is still in use, all queries will cease to work.
2017-07-04T18:58:20:10 Warning: QSqlDatabasePrivate::invalidateDb>> QSqlDatabasePrivate::removeDatabase: connection 'MSSQL' is still in use, all queries will cease to work.
2017-07-04T18:58:57:1 Starting an application!
2017-07-04T18:59:00:2 Loading worker!
2017-07-04T18:59:00:3 Loading print handler!
2017-07-04T18:59:00:4 Starting worker!
2017-07-04T18:59:00:5 Starting print handler!
2017-07-04T18:59:01:6 Warning: QWindowsWindow::setGeometry>> QWindowsWindow::setGeometry: Unable to set geometry 1056x1074+11+44 on QWidgetWindow/'AquaPrinterClassWindow'. Resulting geometry:  1056x1051+11+44 (frame: 11, 44, 11, 11, custom margin: 0, 0, 0, 0, minimum size: 817x919, maximum size: 16777215x16777215).
2017-07-04T18:59:01:7 Info: Worker::run>> "Sucsesfully connected to database: D:\\Fitness\\Empty\\FITNESS.FDB"
2017-07-04T18:59:03:8 Info: Worker::run>> "Sucsesfully connected to database: DRIVER={SQL Server Native Client 11.0};SERVER=192.168.1.10,1433;DATABASE=RK7;Uid=sa;Pwd=123456789;WSID=.;"
2017-07-04T18:59:19:9 Warning: QSqlDatabasePrivate::invalidateDb>> QSqlDatabasePrivate::removeDatabase: connection 'FireBirdBase' is still in use, all queries will cease to work.
2017-07-04T18:59:19:10 Warning: QSqlDatabasePrivate::invalidateDb>> QSqlDatabasePrivate::removeDatabase: connection 'MSSQL' is still in use, all queries will cease to work.
