d:\yandexdisk\projects\aquaprinter\passwordgenerator\release\qrc_passwordgenerator.obj
d:\yandexdisk\projects\aquaprinter\passwordgenerator\release\main.obj
d:\yandexdisk\projects\aquaprinter\passwordgenerator\release\passwordgenerator.obj
d:\yandexdisk\projects\aquaprinter\passwordgenerator\release\moc_passwordgenerator.obj
d:\yandexdisk\projects\aquaprinter\passwordgenerator\generatedfiles\release\moc_passwordgenerator.cpp
d:\yandexdisk\projects\aquaprinter\passwordgenerator\generatedfiles\qrc_passwordgenerator.cpp
d:\yandexdisk\projects\aquaprinter\passwordgenerator\generatedfiles\ui_passwordgenerator.h
d:\yandexdisk\projects\aquaprinter\win32\release\passwordgenerator.exe
d:\yandexdisk\projects\aquaprinter\passwordgenerator\release\passwordgenerator.res
d:\yandexdisk\projects\aquaprinter\passwordgenerator\release\password.c8ce2dd1.tlog\cl.command.1.tlog
d:\yandexdisk\projects\aquaprinter\passwordgenerator\release\password.c8ce2dd1.tlog\cl.read.1.tlog
d:\yandexdisk\projects\aquaprinter\passwordgenerator\release\password.c8ce2dd1.tlog\cl.write.1.tlog
d:\yandexdisk\projects\aquaprinter\passwordgenerator\release\password.c8ce2dd1.tlog\custombuild.command.1.tlog
d:\yandexdisk\projects\aquaprinter\passwordgenerator\release\password.c8ce2dd1.tlog\custombuild.read.1.tlog
d:\yandexdisk\projects\aquaprinter\passwordgenerator\release\password.c8ce2dd1.tlog\custombuild.write.1.tlog
d:\yandexdisk\projects\aquaprinter\passwordgenerator\release\password.c8ce2dd1.tlog\link.command.1.tlog
d:\yandexdisk\projects\aquaprinter\passwordgenerator\release\password.c8ce2dd1.tlog\link.read.1.tlog
d:\yandexdisk\projects\aquaprinter\passwordgenerator\release\password.c8ce2dd1.tlog\link.write.1.tlog
d:\yandexdisk\projects\aquaprinter\passwordgenerator\release\password.c8ce2dd1.tlog\rc.command.1.tlog
d:\yandexdisk\projects\aquaprinter\passwordgenerator\release\password.c8ce2dd1.tlog\rc.read.1.tlog
d:\yandexdisk\projects\aquaprinter\passwordgenerator\release\password.c8ce2dd1.tlog\rc.write.1.tlog
